<?xml version="1.0" encoding="UTF-8"?>
<testsuite name="ClienteTest" tests="2" skipped="0" failures="0" errors="0" timestamp="2020-07-16T15:06:21" hostname="NI-81628-9P" time="0.057">
  <properties/>
  <testcase name="testRemoveCliente" classname="ClienteTest" time="0.054"/>
  <testcase name="testGetCliente" classname="ClienteTest" time="0.001"/>
  <system-out><![CDATA[]]></system-out>
  <system-err><![CDATA[]]></system-err>
</testsuite>
